android_hello_world/build/outputs/logs/manifest-merger-debug-report.txt
-- Merging decision tree log ---
manifest
ADDED from android_codepath/android_hello_world/AndroidManifest.xml:2:1-23:12
	package
		ADDED from android_codepath/android_hello_world/AndroidManifest.xml:3:5-44
	android:versionName
		ADDED from android_codepath/android_hello_world/AndroidManifest.xml:5:5-30
	android:versionCode
		ADDED from android_codepath/android_hello_world/AndroidManifest.xml:4:5-28
		INJECTED from android_codepath/android_hello_world/AndroidManifest.xml
		INJECTED from android_codepath/android_hello_world/AndroidManifest.xml
	xmlns:android
		ADDED from android_codepath/android_hello_world/AndroidManifest.xml:2:11-69
application
ADDED from android_codepath/android_hello_world/AndroidManifest.xml:7:5-21:19
	android:label
		ADDED from android_codepath/android_hello_world/AndroidManifest.xml:10:9-41
	android:allowBackup
		ADDED from android_codepath/android_hello_world/AndroidManifest.xml:8:9-35
	android:icon
		ADDED from android_codepath/android_hello_world/AndroidManifest.xml:9:9-45
	android:theme
		ADDED from android_codepath/android_hello_world/AndroidManifest.xml:11:9-40
activity#codepath.demos.helloworlddemo.HelloWorldActivity
ADDED from android_codepath/android_hello_world/AndroidManifest.xml:12:9-20:20
	android:label
		ADDED from android_codepath/android_hello_world/AndroidManifest.xml:14:13-45
	android:name
		ADDED from android_codepath/android_hello_world/AndroidManifest.xml:13:13-76
intent-filter#android.intent.action.MAIN+android.intent.category.LAUNCHER
ADDED from android_codepath/android_hello_world/AndroidManifest.xml:15:13-19:29
action#android.intent.action.MAIN
ADDED from android_codepath/android_hello_world/AndroidManifest.xml:16:17-69
	android:name
		ADDED from android_codepath/android_hello_world/AndroidManifest.xml:16:25-66
category#android.intent.category.LAUNCHER
ADDED from android_codepath/android_hello_world/AndroidManifest.xml:18:17-77
	android:name
		ADDED from android_codepath/android_hello_world/AndroidManifest.xml:18:27-74